app/build/intermediates/manifest_merge_blame_file/debug/processDebugMainManifest/manifest-merger-blame-debug-report.txt
1<?xml version="1.0" encoding="utf-8"?>
2<manifest xmlns:android="http://schemas.android.com/apk/res/android"
3    package="com.motorola.motomouse"
4    android:versionCode="1"
5    android:versionName="1.0.0" >
6
7    <uses-sdk
7-->INJECTED
8        android:minSdkVersion="26"
8-->INJECTED
9        android:targetSdkVersion="36" />
9-->INJECTED
10
11    <uses-permission android:name="android.permission.CAMERA" />
11-->src\main\AndroidManifest.xml:4:5-65
11-->src\main\AndroidManifest.xml:4:22-62
12    <uses-permission android:name="android.permission.INTERNET" />
12-->src\main\AndroidManifest.xml:5:5-67
12-->src\main\AndroidManifest.xml:5:22-64
13    <uses-permission android:name="android.permission.ACCESS_NETWORK_STATE" />
13-->src\main\AndroidManifest.xml:6:5-79
13-->src\main\AndroidManifest.xml:6:22-76
14
15    <uses-feature
15-->src\main\AndroidManifest.xml:7:5-9:36
16        android:name="android.hardware.camera"
16-->src\main\AndroidManifest.xml:8:9-47
17        android:required="false" />
17-->src\main\AndroidManifest.xml:9:9-33
18    <uses-feature
18-->src\main\AndroidManifest.xml:10:5-12:36
19        android:name="android.hardware.camera.autofocus"
19-->src\main\AndroidManifest.xml:11:9-57
20        android:required="false" />
20-->src\main\AndroidManifest.xml:12:9-33
21
22    <permission
22-->[androidx.core:core:1.18.0] AndroidManifest.xml:22:5-24:47
23        android:name="com.motorola.motomouse.DYNAMIC_RECEIVER_NOT_EXPORTED_PERMISSION"
23-->[androidx.core:core:1.18.0] AndroidManifest.xml:23:9-81
24        android:protectionLevel="signature" />
24-->[androidx.core:core:1.18.0] AndroidManifest.xml:24:9-44
25
26    <uses-permission android:name="com.motorola.motomouse.DYNAMIC_RECEIVER_NOT_EXPORTED_PERMISSION" />
26-->[androidx.core:core:1.18.0] AndroidManifest.xml:26:5-97
26-->[androidx.core:core:1.18.0] AndroidManifest.xml:26:22-94
27
28    <application
28-->src\main\AndroidManifest.xml:14:5-33:19
29        android:allowBackup="true"
29-->src\main\AndroidManifest.xml:15:9-35
30        android:appComponentFactory="androidx.core.app.CoreComponentFactory"
30-->[androidx.core:core:1.18.0] AndroidManifest.xml:28:18-86
31        android:dataExtractionRules="@xml/data_extraction_rules"
31-->src\main\AndroidManifest.xml:16:9-65
32        android:debuggable="true"
33        android:extractNativeLibs="false"
33-->INJECTED
34        android:fullBackupContent="@xml/backup_rules"
34-->src\main\AndroidManifest.xml:17:9-54
35        android:icon="@mipmap/ic_launcher"
35-->src\main\AndroidManifest.xml:18:9-43
36        android:label="@string/app_name"
36-->src\main\AndroidManifest.xml:19:9-41
37        android:roundIcon="@mipmap/ic_launcher_round"
37-->src\main\AndroidManifest.xml:20:9-54
38        android:supportsRtl="true"
38-->src\main\AndroidManifest.xml:21:9-35
39        android:theme="@style/Theme.MotoMouse" >
39-->src\main\AndroidManifest.xml:22:9-47
40        <activity
40-->src\main\AndroidManifest.xml:23:9-32:20
41            android:name="com.motorola.motomouse.MainActivity"
41-->src\main\AndroidManifest.xml:24:13-41
42            android:exported="true"
42-->src\main\AndroidManifest.xml:25:13-36
43            android:theme="@style/Theme.MotoMouse" >
43-->src\main\AndroidManifest.xml:26:13-51
44            <intent-filter>
44-->src\main\AndroidManifest.xml:27:13-31:29
45                <action android:name="android.intent.action.MAIN" />
45-->src\main\AndroidManifest.xml:28:17-69
45-->src\main\AndroidManifest.xml:28:25-66
46
47                <category android:name="android.intent.category.LAUNCHER" />
47-->src\main\AndroidManifest.xml:30:17-77
47-->src\main\AndroidManifest.xml:30:27-74
48            </intent-filter>
49        </activity>
50
51        <service
51-->[androidx.camera:camera-camera2:1.4.2] AndroidManifest.xml:24:9-33:19
52            android:name="androidx.camera.core.impl.MetadataHolderService"
52-->[androidx.camera:camera-camera2:1.4.2] AndroidManifest.xml:25:13-75
53            android:enabled="false"
53-->[androidx.camera:camera-camera2:1.4.2] AndroidManifest.xml:26:13-36
54            android:exported="false" >
54-->[androidx.camera:camera-camera2:1.4.2] AndroidManifest.xml:27:13-37
55            <meta-data
55-->[androidx.camera:camera-camera2:1.4.2] AndroidManifest.xml:30:13-32:89
56                android:name="androidx.camera.core.impl.MetadataHolderService.DEFAULT_CONFIG_PROVIDER"
56-->[androidx.camera:camera-camera2:1.4.2] AndroidManifest.xml:31:17-103
57                android:value="androidx.camera.camera2.Camera2Config$DefaultProvider" />
57-->[androidx.camera:camera-camera2:1.4.2] AndroidManifest.xml:32:17-86
58        </service>
59        <service
59-->[com.google.android.gms:play-services-mlkit-barcode-scanning:18.3.1] AndroidManifest.xml:9:9-15:19
60            android:name="com.google.mlkit.common.internal.MlKitComponentDiscoveryService"
60-->[com.google.android.gms:play-services-mlkit-barcode-scanning:18.3.1] AndroidManifest.xml:10:13-91
61            android:directBootAware="true"
61-->[com.google.mlkit:common:18.11.0] AndroidManifest.xml:17:13-43
62            android:exported="false" >
62-->[com.google.android.gms:play-services-mlkit-barcode-scanning:18.3.1] AndroidManifest.xml:11:13-37
63            <meta-data
63-->[com.google.android.gms:play-services-mlkit-barcode-scanning:18.3.1] AndroidManifest.xml:12:13-14:85
64                android:name="com.google.firebase.components:com.google.mlkit.vision.barcode.internal.BarcodeRegistrar"
64-->[com.google.android.gms:play-services-mlkit-barcode-scanning:18.3.1] AndroidManifest.xml:13:17-120
65                android:value="com.google.firebase.components.ComponentRegistrar" />
65-->[com.google.android.gms:play-services-mlkit-barcode-scanning:18.3.1] AndroidManifest.xml:14:17-82
66            <meta-data
66-->[com.google.mlkit:vision-common:17.3.0] AndroidManifest.xml:12:13-14:85
67                android:name="com.google.firebase.components:com.google.mlkit.vision.common.internal.VisionCommonRegistrar"
67-->[com.google.mlkit:vision-common:17.3.0] AndroidManifest.xml:13:17-124
68                android:value="com.google.firebase.components.ComponentRegistrar" />
68-->[com.google.mlkit:vision-common:17.3.0] AndroidManifest.xml:14:17-82
69            <meta-data
69-->[com.google.mlkit:common:18.11.0] AndroidManifest.xml:20:13-22:85
70                android:name="com.google.firebase.components:com.google.mlkit.common.internal.CommonComponentRegistrar"
70-->[com.google.mlkit:common:18.11.0] AndroidManifest.xml:21:17-120
71                android:value="com.google.firebase.components.ComponentRegistrar" />
71-->[com.google.mlkit:common:18.11.0] AndroidManifest.xml:22:17-82
72        </service>
73
74        <provider
74-->[com.google.mlkit:common:18.11.0] AndroidManifest.xml:9:9-13:38
75            android:name="com.google.mlkit.common.internal.MlKitInitProvider"
75-->[com.google.mlkit:common:18.11.0] AndroidManifest.xml:10:13-78
76            android:authorities="com.motorola.motomouse.mlkitinitprovider"
76-->[com.google.mlkit:common:18.11.0] AndroidManifest.xml:11:13-69
77            android:exported="false"
77-->[com.google.mlkit:common:18.11.0] AndroidManifest.xml:12:13-37
78            android:initOrder="99" />
78-->[com.google.mlkit:common:18.11.0] AndroidManifest.xml:13:13-35
79
80        <activity
80-->[com.google.android.gms:play-services-base:18.5.0] AndroidManifest.xml:5:9-173
81            android:name="com.google.android.gms.common.api.GoogleApiActivity"
81-->[com.google.android.gms:play-services-base:18.5.0] AndroidManifest.xml:5:19-85
82            android:exported="false"
82-->[com.google.android.gms:play-services-base:18.5.0] AndroidManifest.xml:5:146-170
83            android:theme="@android:style/Theme.Translucent.NoTitleBar" />
83-->[com.google.android.gms:play-services-base:18.5.0] AndroidManifest.xml:5:86-145
84
85        <meta-data
85-->[com.google.android.gms:play-services-basement:18.4.0] AndroidManifest.xml:6:9-122
86            android:name="com.google.android.gms.version"
86-->[com.google.android.gms:play-services-basement:18.4.0] AndroidManifest.xml:6:20-65
87            android:value="@integer/google_play_services_version" />
87-->[com.google.android.gms:play-services-basement:18.4.0] AndroidManifest.xml:6:66-119
88
89        <activity
89-->[androidx.compose.ui:ui-tooling-android:1.9.2] AndroidManifest.xml:23:9-25:39
90            android:name="androidx.compose.ui.tooling.PreviewActivity"
90-->[androidx.compose.ui:ui-tooling-android:1.9.2] AndroidManifest.xml:24:13-71
91            android:exported="true" />
91-->[androidx.compose.ui:ui-tooling-android:1.9.2] AndroidManifest.xml:25:13-36
92
93        <provider
93-->[androidx.emoji2:emoji2:1.4.0] AndroidManifest.xml:24:9-32:20
94            android:name="androidx.startup.InitializationProvider"
94-->[androidx.emoji2:emoji2:1.4.0] AndroidManifest.xml:25:13-67
95            android:authorities="com.motorola.motomouse.androidx-startup"
95-->[androidx.emoji2:emoji2:1.4.0] AndroidManifest.xml:26:13-68
96            android:exported="false" >
96-->[androidx.emoji2:emoji2:1.4.0] AndroidManifest.xml:27:13-37
97            <meta-data
97-->[androidx.emoji2:emoji2:1.4.0] AndroidManifest.xml:29:13-31:52
98                android:name="androidx.emoji2.text.EmojiCompatInitializer"
98-->[androidx.emoji2:emoji2:1.4.0] AndroidManifest.xml:30:17-75
99                android:value="androidx.startup" />
99-->[androidx.emoji2:emoji2:1.4.0] AndroidManifest.xml:31:17-49
100            <meta-data
100-->[androidx.lifecycle:lifecycle-process:2.10.0] AndroidManifest.xml:29:13-31:52
101                android:name="androidx.lifecycle.ProcessLifecycleInitializer"
101-->[androidx.lifecycle:lifecycle-process:2.10.0] AndroidManifest.xml:30:17-78
102                android:value="androidx.startup" />
102-->[androidx.lifecycle:lifecycle-process:2.10.0] AndroidManifest.xml:31:17-49
103            <meta-data
103-->[androidx.profileinstaller:profileinstaller:1.4.0] AndroidManifest.xml:29:13-31:52
104                android:name="androidx.profileinstaller.ProfileInstallerInitializer"
104-->[androidx.profileinstaller:profileinstaller:1.4.0] AndroidManifest.xml:30:17-85
105                android:value="androidx.startup" />
105-->[androidx.profileinstaller:profileinstaller:1.4.0] AndroidManifest.xml:31:17-49
106        </provider>
107
108        <activity
108-->[androidx.compose.ui:ui-test-manifest:1.9.2] AndroidManifest.xml:23:9-26:79
109            android:name="androidx.activity.ComponentActivity"
109-->[androidx.compose.ui:ui-test-manifest:1.9.2] AndroidManifest.xml:24:13-63
110            android:exported="true"
110-->[androidx.compose.ui:ui-test-manifest:1.9.2] AndroidManifest.xml:25:13-36
111            android:theme="@android:style/Theme.Material.Light.NoActionBar" />
111-->[androidx.compose.ui:ui-test-manifest:1.9.2] AndroidManifest.xml:26:13-76
112
113        <receiver
113-->[androidx.profileinstaller:profileinstaller:1.4.0] AndroidManifest.xml:34:9-52:20
114            android:name="androidx.profileinstaller.ProfileInstallReceiver"
114-->[androidx.profileinstaller:profileinstaller:1.4.0] AndroidManifest.xml:35:13-76
115            android:directBootAware="false"
115-->[androidx.profileinstaller:profileinstaller:1.4.0] AndroidManifest.xml:36:13-44
116            android:enabled="true"
116-->[androidx.profileinstaller:profileinstaller:1.4.0] AndroidManifest.xml:37:13-35
117            android:exported="true"
117-->[androidx.profileinstaller:profileinstaller:1.4.0] AndroidManifest.xml:38:13-36
118            android:permission="android.permission.DUMP" >
118-->[androidx.profileinstaller:profileinstaller:1.4.0] AndroidManifest.xml:39:13-57
119            <intent-filter>
119-->[androidx.profileinstaller:profileinstaller:1.4.0] AndroidManifest.xml:40:13-42:29
120                <action android:name="androidx.profileinstaller.action.INSTALL_PROFILE" />
120-->[androidx.profileinstaller:profileinstaller:1.4.0] AndroidManifest.xml:41:17-91
120-->[androidx.profileinstaller:profileinstaller:1.4.0] AndroidManifest.xml:41:25-88
121            </intent-filter>
122            <intent-filter>
122-->[androidx.profileinstaller:profileinstaller:1.4.0] AndroidManifest.xml:43:13-45:29
123                <action android:name="androidx.profileinstaller.action.SKIP_FILE" />
123-->[androidx.profileinstaller:profileinstaller:1.4.0] AndroidManifest.xml:44:17-85
123-->[androidx.profileinstaller:profileinstaller:1.4.0] AndroidManifest.xml:44:25-82
124            </intent-filter>
125            <intent-filter>
125-->[androidx.profileinstaller:profileinstaller:1.4.0] AndroidManifest.xml:46:13-48:29
126                <action android:name="androidx.profileinstaller.action.SAVE_PROFILE" />
126-->[androidx.profileinstaller:profileinstaller:1.4.0] AndroidManifest.xml:47:17-88
126-->[androidx.profileinstaller:profileinstaller:1.4.0] AndroidManifest.xml:47:25-85
127            </intent-filter>
128            <intent-filter>
128-->[androidx.profileinstaller:profileinstaller:1.4.0] AndroidManifest.xml:49:13-51:29
129                <action android:name="androidx.profileinstaller.action.BENCHMARK_OPERATION" />
129-->[androidx.profileinstaller:profileinstaller:1.4.0] AndroidManifest.xml:50:17-95
129-->[androidx.profileinstaller:profileinstaller:1.4.0] AndroidManifest.xml:50:25-92
130            </intent-filter>
131        </receiver>
132
133        <service
133-->[com.google.android.datatransport:transport-backend-cct:2.3.3] AndroidManifest.xml:29:9-35:19
134            android:name="com.google.android.datatransport.runtime.backends.TransportBackendDiscovery"
134-->[com.google.android.datatransport:transport-backend-cct:2.3.3] AndroidManifest.xml:30:13-103
135            android:exported="false" >
135-->[com.google.android.datatransport:transport-backend-cct:2.3.3] AndroidManifest.xml:31:13-37
136            <meta-data
136-->[com.google.android.datatransport:transport-backend-cct:2.3.3] AndroidManifest.xml:32:13-34:39
137                android:name="backend:com.google.android.datatransport.cct.CctBackendFactory"
137-->[com.google.android.datatransport:transport-backend-cct:2.3.3] AndroidManifest.xml:33:17-94
138                android:value="cct" />
138-->[com.google.android.datatransport:transport-backend-cct:2.3.3] AndroidManifest.xml:34:17-36
139        </service>
140        <service
140-->[com.google.android.datatransport:transport-runtime:2.2.6] AndroidManifest.xml:26:9-30:19
141            android:name="com.google.android.datatransport.runtime.scheduling.jobscheduling.JobInfoSchedulerService"
141-->[com.google.android.datatransport:transport-runtime:2.2.6] AndroidManifest.xml:27:13-117
142            android:exported="false"
142-->[com.google.android.datatransport:transport-runtime:2.2.6] AndroidManifest.xml:28:13-37
143            android:permission="android.permission.BIND_JOB_SERVICE" >
143-->[com.google.android.datatransport:transport-runtime:2.2.6] AndroidManifest.xml:29:13-69
144        </service>
145
146        <receiver
146-->[com.google.android.datatransport:transport-runtime:2.2.6] AndroidManifest.xml:32:9-34:40
147            android:name="com.google.android.datatransport.runtime.scheduling.jobscheduling.AlarmManagerSchedulerBroadcastReceiver"
147-->[com.google.android.datatransport:transport-runtime:2.2.6] AndroidManifest.xml:33:13-132
148            android:exported="false" />
148-->[com.google.android.datatransport:transport-runtime:2.2.6] AndroidManifest.xml:34:13-37
149    </application>
150
151</manifest>